[debug] [2026-03-27T02:05:33.099Z] ----------------------------------------------------------------------
[debug] [2026-03-27T02:05:33.108Z] Command:       /Users/andrew/.nvm/versions/node/v22.13.0/bin/node /usr/local/lib/node_modules/firebase-tools/lib/bin/firebase.js projects:list
[debug] [2026-03-27T02:05:33.109Z] CLI Version:   14.1.0
[debug] [2026-03-27T02:05:33.110Z] Platform:      darwin
[debug] [2026-03-27T02:05:33.110Z] Node Version:  v22.13.0
[debug] [2026-03-27T02:05:33.111Z] Time:          Thu Mar 26 2026 22:05:33 GMT-0400 (Eastern Daylight Time)
[debug] [2026-03-27T02:05:33.111Z] ----------------------------------------------------------------------
[debug] 
[debug] [2026-03-27T02:05:33.636Z] > command requires scopes: ["email","openid","https://www.googleapis.com/auth/cloudplatformprojects.readonly","https://www.googleapis.com/auth/firebase","https://www.googleapis.com/auth/cloud-platform"]
[debug] [2026-03-27T02:05:33.638Z] > authorizing via signed-in user (xxero96@gmail.com)
[debug] [2026-03-27T02:05:33.647Z] Checked if tokens are valid: false, expires at: 1744567707162
[debug] [2026-03-27T02:05:33.647Z] Checked if tokens are valid: false, expires at: 1744567707162
[debug] [2026-03-27T02:05:33.648Z] > refreshing access token with scopes: []
[debug] [2026-03-27T02:05:33.657Z] >>> [apiv2][query] POST https://www.googleapis.com/oauth2/v3/token [none]
[debug] [2026-03-27T02:05:33.657Z] >>> [apiv2][body] POST https://www.googleapis.com/oauth2/v3/token [omitted]
[debug] [2026-03-27T02:05:34.022Z] <<< [apiv2][status] POST https://www.googleapis.com/oauth2/v3/token 400
[debug] [2026-03-27T02:05:34.023Z] <<< [apiv2][body] POST https://www.googleapis.com/oauth2/v3/token [omitted]
[debug] [2026-03-27T02:05:34.024Z] >>> [apiv2][query] GET https://firebase.googleapis.com/v1beta1/projects pageSize=1000
[debug] [2026-03-27T02:05:34.127Z] <<< [apiv2][status] GET https://firebase.googleapis.com/v1beta1/projects 401
[debug] [2026-03-27T02:05:34.127Z] <<< [apiv2][body] GET https://firebase.googleapis.com/v1beta1/projects [omitted]
[debug] [2026-03-27T02:05:34.127Z] Got a 401 Unauthenticated error for a call that required authentication. Refreshing tokens.
[debug] [2026-03-27T02:05:34.127Z] Checked if tokens are valid: false, expires at: 1744567707162
[debug] [2026-03-27T02:05:34.127Z] Checked if tokens are valid: false, expires at: 1744567707162
[debug] [2026-03-27T02:05:34.128Z] > refreshing access token with scopes: []
[debug] [2026-03-27T02:05:34.128Z] >>> [apiv2][query] POST https://www.googleapis.com/oauth2/v3/token [none]
[debug] [2026-03-27T02:05:34.129Z] >>> [apiv2][body] POST https://www.googleapis.com/oauth2/v3/token [omitted]
[debug] [2026-03-27T02:05:34.201Z] <<< [apiv2][status] POST https://www.googleapis.com/oauth2/v3/token 400
[debug] [2026-03-27T02:05:34.201Z] <<< [apiv2][body] POST https://www.googleapis.com/oauth2/v3/token [omitted]
[debug] [2026-03-27T02:05:34.202Z] Request to https://firebase.googleapis.com/v1beta1/projects?pageSize=1000 had HTTP Error: 401, Request had invalid authentication credentials. Expected OAuth 2 access token, login cookie or other valid authentication credential. See https://developers.google.com/identity/sign-in/web/devconsole-project.
[debug] [2026-03-27T02:05:34.275Z] FirebaseError: Request to https://firebase.googleapis.com/v1beta1/projects?pageSize=1000 had HTTP Error: 401, Request had invalid authentication credentials. Expected OAuth 2 access token, login cookie or other valid authentication credential. See https://developers.google.com/identity/sign-in/web/devconsole-project.
    at responseToError (/usr/local/lib/node_modules/firebase-tools/lib/responseToError.js:52:12)
    at RetryOperation._fn (/usr/local/lib/node_modules/firebase-tools/lib/apiv2.js:312:77)
    at process.processTicksAndRejections (node:internal/process/task_queues:105:5)
[error] 
[error] Error: Failed to list Firebase projects. See firebase-debug.log for more info.
